Build started 19.09.2019 13:05:11.
     1>Project "C:\Users\arsrb\Desktop\Fall 2019\CMPT 225\Assn1_1197\Assn1_1197\Assn1_1197.vcxproj" on node 2 (build target(s)).
     1>InitializeBuildStatus:
         Creating "Debug\Assn1_1197.unsuccessfulbuild" because "AlwaysCreate" was specified.
       ClCompile:
         C:\Program Files (x86)\Microsoft Visual Studio 10.0\VC\bin\CL.exe /c /ZI /nologo /W3 /WX- /Od /Oy- /D WIN32 /D _DEBUG /D _CONSOLE /D _UNICODE /D UNICODE /Gm /EHsc /RTC1 /MDd /GS /fp:precise /Zc:wchar_t /Zc:forScope /Fo"Debug\\" /Fd"Debug\vc100.pdb" /Gd /TP /analyze- /errorReport:prompt List.cpp walkIn.cpp
         walkIn.cpp
     1>c:\users\arsrb\desktop\fall 2019\cmpt 225\assn1_1197\assn1_1197\walkin.cpp(145): warning C4305: 'initializing' : truncation from 'int' to 'char'
     1>c:\users\arsrb\desktop\fall 2019\cmpt 225\assn1_1197\assn1_1197\walkin.cpp(145): warning C4309: 'initializing' : truncation of constant value
         List.cpp
         Generating Code...
       ManifestResourceCompile:
         All outputs are up-to-date.
       Link:
         C:\Program Files (x86)\Microsoft Visual Studio 10.0\VC\bin\link.exe /ERRORREPORT:PROMPT /OUT:"C:\Users\arsrb\Desktop\Fall 2019\CMPT 225\Assn1_1197\Debug\Assn1_1197.exe" /INCREMENTAL /NOLOGO kernel32.lib user32.lib gdi32.lib winspool.lib comdlg32.lib advapi32.lib shell32.lib ole32.lib oleaut32.lib uuid.lib odbc32.lib odbccp32.lib /MANIFEST /ManifestFile:"Debug\Assn1_1197.exe.intermediate.manifest" /MANIFESTUAC:"level='asInvoker' uiAccess='false'" /DEBUG /PDB:"C:\Users\arsrb\Desktop\Fall 2019\CMPT 225\Assn1_1197\Debug\Assn1_1197.pdb" /SUBSYSTEM:CONSOLE /TLBID:1 /DYNAMICBASE /NXCOMPAT /IMPLIB:"C:\Users\arsrb\Desktop\Fall 2019\CMPT 225\Assn1_1197\Debug\Assn1_1197.lib" /MACHINE:X86 Debug\Assn1_1197.exe.embed.manifest.res
         Debug\List.obj
         Debug\Patient.obj
         Debug\walkIn.obj
       Manifest:
         C:\Program Files (x86)\Microsoft SDKs\Windows\v7.0A\bin\mt.exe /nologo /verbose /out:"Debug\Assn1_1197.exe.embed.manifest" /manifest Debug\Assn1_1197.exe.intermediate.manifest
         All outputs are up-to-date.
       LinkEmbedManifest:
         All outputs are up-to-date.
         Assn1_1197.vcxproj -> C:\Users\arsrb\Desktop\Fall 2019\CMPT 225\Assn1_1197\Debug\Assn1_1197.exe
       FinalizeBuildStatus:
         Deleting file "Debug\Assn1_1197.unsuccessfulbuild".
         Touching "Debug\Assn1_1197.lastbuildstate".
     1>Done Building Project "C:\Users\arsrb\Desktop\Fall 2019\CMPT 225\Assn1_1197\Assn1_1197\Assn1_1197.vcxproj" (build target(s)).

Build succeeded.

Time Elapsed 00:00:01.84
